<?xml version="1.0" encoding="UTF-8"?>
<testng-results skipped="0" failed="0" ignored="0" total="1" passed="1">
  <reporter-output>
  </reporter-output>
  <suite name="LoginTest" duration-ms="15181" started-at="2020-08-25T11:56:05 IST" finished-at="2020-08-25T11:56:20 IST">
    <groups>
    </groups>
    <test name="Command line test" duration-ms="15181" started-at="2020-08-25T11:56:05 IST" finished-at="2020-08-25T11:56:20 IST">
      <class name="LoginTest">
        <test-method status="PASS" signature="setUp()[pri:0, instance:LoginTest@271053e1]" name="setUp" is-config="true" duration-ms="18294" started-at="2020-08-25T11:55:46 IST" finished-at="2020-08-25T11:56:05 IST">
          <reporter-output>
          </reporter-output>
        </test-method> <!-- setUp -->
        <test-method status="PASS" signature="doLogin()[pri:0, instance:LoginTest@271053e1]" name="doLogin" duration-ms="15127" started-at="2020-08-25T11:56:05 IST" finished-at="2020-08-25T11:56:20 IST">
          <reporter-output>
          </reporter-output>
        </test-method> <!-- doLogin -->
        <test-method status="PASS" signature="tearDown()[pri:0, instance:LoginTest@271053e1]" name="tearDown" is-config="true" duration-ms="8059" started-at="2020-08-25T11:56:20 IST" finished-at="2020-08-25T11:56:28 IST">
          <reporter-output>
          </reporter-output>
        </test-method> <!-- tearDown -->
      </class> <!-- LoginTest -->
    </test> <!-- Command line test -->
  </suite> <!-- LoginTest -->
</testng-results>
