<?xml version="1.0" encoding="UTF-8"?>
<testng-results skipped="0" failed="0" ignored="0" total="1" passed="1">
  <reporter-output>
  </reporter-output>
  <suite name="Default suite" duration-ms="14922" started-at="2020-08-25T11:52:29 IST" finished-at="2020-08-25T11:52:44 IST">
    <groups>
    </groups>
    <test name="Default test" duration-ms="14922" started-at="2020-08-25T11:52:29 IST" finished-at="2020-08-25T11:52:44 IST">
      <class name="LoginTest">
        <test-method status="PASS" signature="setUp()[pri:0, instance:LoginTest@711f39f9]" name="setUp" is-config="true" duration-ms="14545" started-at="2020-08-25T11:52:14 IST" finished-at="2020-08-25T11:52:29 IST">
          <reporter-output>
          </reporter-output>
        </test-method> <!-- setUp -->
        <test-method status="PASS" signature="doLogin()[pri:0, instance:LoginTest@711f39f9]" name="doLogin" duration-ms="14794" started-at="2020-08-25T11:52:29 IST" finished-at="2020-08-25T11:52:44 IST">
          <reporter-output>
          </reporter-output>
        </test-method> <!-- doLogin -->
        <test-method status="PASS" signature="tearDown()[pri:0, instance:LoginTest@711f39f9]" name="tearDown" is-config="true" duration-ms="8278" started-at="2020-08-25T11:52:44 IST" finished-at="2020-08-25T11:52:52 IST">
          <reporter-output>
          </reporter-output>
        </test-method> <!-- tearDown -->
      </class> <!-- LoginTest -->
    </test> <!-- Default test -->
  </suite> <!-- Default suite -->
</testng-results>
